[2025-06-21 16:23:49] INFO: Checking Python version...
[2025-06-21 16:23:49] SUCCESS: Python 3.13.0 (tags/v3.13.0:60403a5, Oct  7 2024, 09:38:07) [MSC v.1941 64 bit (AMD64)] - Compatible [OK]
[2025-06-21 16:23:49] INFO: Installing Python packages...
[2025-06-21 16:23:49] INFO: Installing streamlit>=1.28.0...
[2025-06-21 16:23:51] INFO: Installing pandas>=1.5.0...
[2025-06-21 16:23:53] INFO: Installing plotly>=5.15.0...
[2025-06-21 16:23:55] INFO: Installing requests>=2.31.0...
[2025-06-21 16:23:57] INFO: Installing python-dateutil>=2.8.0...
[2025-06-21 16:23:59] INFO: Installing pymongo>=4.5.0...
[2025-06-21 16:24:01] INFO: Installing PyJWT>=2.8.0...
[2025-06-21 16:24:03] INFO: Installing bcrypt>=4.0.0...
[2025-06-21 16:24:05] INFO: Installing python-dotenv>=1.0.0...
[2025-06-21 16:24:07] INFO: Installing numpy>=1.24.0...
[2025-06-21 16:24:09] INFO: Installing scikit-learn>=1.3.0...
[2025-06-21 16:24:11] INFO: Installing spacy>=3.6.0...
[2025-06-21 16:24:13] INFO: Installing transformers>=4.30.0...
[2025-06-21 16:24:15] INFO: Installing torch>=2.0.0...
[2025-06-21 16:24:17] INFO: Installing aiohttp>=3.8.0...
[2025-06-21 16:24:19] INFO: Installing kaggle>=1.5.0...
[2025-06-21 16:24:21] INFO: Installing joblib>=1.3.0...
[2025-06-21 16:24:23] INFO: Installing matplotlib>=3.7.0...
[2025-06-21 16:24:25] INFO: Installing seaborn>=0.12.0...
[2025-06-21 16:24:27] INFO: Installing scipy>=1.10.0...
[2025-06-21 16:24:29] SUCCESS: All packages installed successfully [OK]
[2025-06-21 16:24:29] INFO: Setting up spaCy English model...
[2025-06-21 16:24:40] SUCCESS: spaCy model installed [OK]
[2025-06-21 16:24:40] INFO: Setting up Kaggle API...
[2025-06-21 16:24:40] SUCCESS: Kaggle credentials found [OK]
[2025-06-21 16:24:40] INFO: Downloading sample datasets...
[2025-06-21 16:24:42] SUCCESS: Sample datasets created [OK]
[2025-06-21 16:24:42] INFO: Setting up environment configuration...
[2025-06-21 16:24:42] SUCCESS: Environment file created [OK]
[2025-06-21 16:24:42] INFO: Creating quick start script...
[2025-06-21 16:24:42] SUCCESS: Quick start script created [OK]
[2025-06-21 16:24:42] INFO: Creating training script...
[2025-06-21 16:24:42] SUCCESS: Training script created [OK]
[2025-06-21 16:24:42] INFO: Creating demo data loader...
[2025-06-21 16:24:42] SUCCESS: Demo data loader created [OK]
